==== INFORMAÇÕES DO SISTEMA ====
--- Informações do Hardware ---
Arquitetura:                          x86_64
Modo(s) operacional da CPU:           32-bit, 64-bit
Tamanhos de endereço:                 39 bits physical, 48 bits virtual
Ordem dos bytes:                      Little Endian
CPU(s):                               12
Lista de CPU(s) on-line:              0-11
ID de fornecedor:                     GenuineIntel
ID de fornecedor da BIOS:             Intel(R) Corporation
Nome do modelo:                       Intel(R) Core(TM) i5-10500H CPU @ 2.50GHz
Nome do modelo da BIOS:               Intel(R) Core(TM) i5-10500H CPU @ 2.50GHz   CPU @ 2.7GHz
BIOS CPU family:                      205
Família da CPU:                       6
Modelo:                               165
Thread(s) per núcleo:                 2
Núcleo(s) por soquete:                6
Soquete(s):                           1
Step:                                 2
CPU(s) scaling MHz:                   88%
CPU MHz máx.:                         4500,0000
CPU MHz mín.:                         800,0000
BogoMIPS:                             4999,90
Opções:                               fpu vme de pse tsc msr pae mce cx8 apic sep mtrr pge mca cmov pat pse36 clflush dts acpi mmx fxsr sse sse2 ss ht tm pbe syscall nx pdpe1gb rdtscp lm constant_tsc art arch_perfmon pebs bts rep_good nopl xtopology nonstop_tsc cpuid aperfmperf pni pclmulqdq dtes64 monitor ds_cpl vmx est tm2 ssse3 sdbg fma cx16 xtpr pdcm pcid sse4_1 sse4_2 x2apic movbe popcnt tsc_deadline_timer aes xsave avx f16c rdrand lahf_lm abm 3dnowprefetch cpuid_fault epb invpcid_single ssbd ibrs ibpb stibp ibrs_enhanced tpr_shadow vnmi flexpriority ept vpid ept_ad fsgsbase tsc_adjust sgx bmi1 avx2 smep bmi2 erms invpcid mpx rdseed adx smap clflushopt intel_pt xsaveopt xsavec xgetbv1 xsaves dtherm ida arat pln pts hwp hwp_notify hwp_act_window hwp_epp pku ospke sgx_lc md_clear flush_l1d arch_capabilities
Virtualização:                        VT-x
cache de L1d:                         192 KiB (6 instâncias)
cache de L1i:                         192 KiB (6 instâncias)
cache de L2:                          1,5 MiB (6 instâncias)
cache de L3:                          12 MiB (1 instância)
Nó(s) de NUMA:                        1
CPU(s) de nó0 NUMA:                   0-11
Vulnerabilidade Gather data sampling: Mitigation; Microcode
Vulnerabilidade Itlb multihit:        KVM: Mitigation: VMX disabled
Vulnerabilidade L1tf:                 Not affected
Vulnerabilidade Mds:                  Not affected
Vulnerabilidade Meltdown:             Not affected
Vulnerabilidade Mmio stale data:      Mitigation; Clear CPU buffers; SMT vulnerable
Vulnerabilidade Retbleed:             Mitigation; Enhanced IBRS
Vulnerabilidade Spec rstack overflow: Not affected
Vulnerabilidade Spec store bypass:    Mitigation; Speculative Store Bypass disabled via prctl
Vulnerabilidade Spectre v1:           Mitigation; usercopy/swapgs barriers and __user pointer sanitization
Vulnerabilidade Spectre v2:           Mitigation; Enhanced IBRS, IBPB conditional, RSB filling, PBRSB-eIBRS SW sequence
Vulnerabilidade Srbds:                Mitigation; Microcode
Vulnerabilidade Tsx async abort:      Not affected

                                  system         Dell G15 5510 (0A64)
/0/1                              memory         1MiB BIOS
/0/400                            processor      Intel(R) Core(TM) i5-10500H CPU @ 2.50GHz
/0/400/700                        memory         384KiB L1 cache
/0/400/701                        memory         1536KiB L2 cache
/0/400/702                        memory         12MiB L3 cache
/0/1000                           memory         8GiB System Memory
/0/1000/0                         memory         8GiB SODIMM DDR4 Synchronous 3200 MHz (0,3 ns)
/0/1000/1                         memory         [empty]
/0/100/4                          generic        Xeon E3-1200 v5/E3-1500 v5/6th Gen Core Processor Thermal Subsystem
/0/100/14.2                       memory         RAM memory
/0/100/14.3      wlp0s20f3        network        Comet Lake PCH CNVi WiFi
/0/100/1b/0/0    hwmon1           disk           NVMe disk
/0/100/1b/0/2    /dev/ng0n1       disk           NVMe disk
/0/100/1b/0/1    /dev/nvme0n1     disk           256GB NVMe disk
/0/100/1d/0/0    hwmon2           disk           NVMe disk
/0/100/1d/0/2    /dev/ng1n1       disk           NVMe disk
/0/100/1d/0/1    /dev/nvme1n1     disk           250GB NVMe disk
/0/100/1d.5/0    enp4s0           network        RTL8111/8168/8411 PCI Express Gigabit Ethernet Controller
/0/100/1f/0                       system         PnP device PNP0c02
/0/100/1f/1                       system         PnP device PNP0c02
/0/100/1f/2                       system         PnP device PNP0c02
/0/100/1f/3                       system         PnP device PNP0b00
/0/100/1f/7                       system         PnP device PNP0c02
/0/100/1f/8                       system         PnP device PNP0c02

--- Uso de Memória ---
               total       usada       livre    compart.  buff/cache  disponível
Mem.:          7,4Gi       3,4Gi       2,7Gi       853Mi       2,4Gi       4,0Gi
Swap:          6,4Gi       1,8Gi       4,6Gi

--- Uso de Rede ---
        inet 127.0.0.1  netmask 255.0.0.0
        inet6 ::1  prefixlen 128  scopeid 0x10<host>
        inet 172.16.118.1  netmask 255.255.255.0  broadcast 172.16.118.255
        inet6 fe80::250:56ff:fec0:1  prefixlen 64  scopeid 0x20<link>
        inet 192.168.86.1  netmask 255.255.255.0  broadcast 192.168.86.255
        inet6 fe80::250:56ff:fec0:8  prefixlen 64  scopeid 0x20<link>
        inet 29.0.77.113  netmask 255.255.255.0  broadcast 29.0.77.255
        inet6 fe80::e25d:cbcb:5b0e:3289  prefixlen 64  scopeid 0x20<link>

--- Uso de I/O do Disco ---
Linux 6.1.0-12-amd64 (dellg15) 	18/09/2023 	_x86_64_	(12 CPU)

avg-cpu:  %user   %nice %system %iowait  %steal   %idle
           1,38    0,00    0,43    0,10    0,00   98,09

Device             tps    kB_read/s    kB_wrtn/s    kB_dscd/s    kB_read    kB_wrtn    kB_dscd
loop0             0,00         0,00         0,00         0,00         11          0          0
loop1             0,00         0,00         0,00         0,00         15          0          0
loop10            0,00         0,00         0,00         0,00         10          0          0
loop2             0,00         0,00         0,00         0,00         13          0          0
loop3             0,00         0,00         0,00         0,00         13          0          0
loop4             0,00         0,00         0,00         0,00         25          0          0
loop5             0,00         0,00         0,00         0,00         11          0          0
loop6             0,00         0,00         0,00         0,00         27          0          0
loop7             0,00         0,00         0,00         0,00         27          0          0
loop8             0,00         0,00         0,00         0,00         11          0          0
loop9             0,04         1,83         0,00         0,00      47443          0          0
nvme0n1          41,65       640,41      1676,97      2286,40   16647346   43592418   59434257
nvme1n1           0,01         0,22         0,00         0,00       5641          0          0



--- Processos em Execução ---
Total: 369

--- Processos Parados ---
Total: 4

--- Softwares Instalados ---
Total: 2227

--- Carga Média e Uptime ---
 17:06:14 up  7:13,  1 user,  load average: 0,48, 0,40, 0,44

--- Temperatura do Hardware ---
iwlwifi_1-virtual-0
Adapter: Virtual device
temp1:        +44.0°C  

nvme-pci-0300
Adapter: PCI adapter
Composite:    +49.9°C  (low  =  -0.1°C, high = +82.8°C)
                       (crit = +89.8°C)

BAT0-acpi-0
Adapter: ACPI interface
in0:          12.51 V  
curr1:       1000.00 uA 

coretemp-isa-0000
Adapter: ISA adapter
Package id 0:  +70.0°C  (high = +100.0°C, crit = +100.0°C)
Core 0:        +64.0°C  (high = +100.0°C, crit = +100.0°C)
Core 1:        +64.0°C  (high = +100.0°C, crit = +100.0°C)
Core 2:        +66.0°C  (high = +100.0°C, crit = +100.0°C)
Core 3:        +70.0°C  (high = +100.0°C, crit = +100.0°C)
Core 4:        +62.0°C  (high = +100.0°C, crit = +100.0°C)
Core 5:        +61.0°C  (high = +100.0°C, crit = +100.0°C)

pch_cometlake-virtual-0
Adapter: Virtual device
temp1:        +52.0°C  

nouveau-pci-0100
Adapter: PCI adapter
temp1:        +48.0°C  (high = +95.0°C, hyst =  +3.0°C)
                       (crit = +105.0°C, hyst =  +5.0°C)
                       (emerg = +135.0°C, hyst =  +5.0°C)

nvme-pci-0200
Adapter: PCI adapter
Composite:    +40.9°C  (low  =  -0.1°C, high = +82.8°C)
                       (crit = +84.8°C)
Sensor 1:     +39.9°C  (low  = -273.1°C, high = +65261.8°C)


--- Identificação na Rede ---
Hostname: dellg15
Endereço IP: 29.0.77.113 172.16.118.1 192.168.86.1 

===============================
